<?xml version="1.0" encoding="UTF-8"?>
<testsuite name="AppTest" tests="2" skipped="0" failures="0" errors="0" timestamp="2018-07-14T03:35:41" hostname="ZHA-ITA112-W10" time="0.497">
  <properties/>
  <testcase name="testMockClass" classname="AppTest" time="0.495"/>
  <testcase name="testAppHasAGreeting" classname="AppTest" time="0.002"/>
  <system-out><![CDATA[]]></system-out>
  <system-err><![CDATA[]]></system-err>
</testsuite>
